0 info it worked if it ends with ok
1 verbose cli [ 'node', '/usr/local/bin/npm', 'install', 'node_modules' ]
2 info using npm@1.1.68
3 info using node@v0.8.4
4 verbose node symlink /usr/local/bin/node
5 verbose read json /Users/ahurt/src/map-disputes/package.json
6 verbose read json /Users/ahurt/src/map-disputes/node_modules/bin/package.json
7 verbose read json /Users/ahurt/src/map-disputes/node_modules/lib/package.json
8 verbose read json /Users/ahurt/src/map-disputes/package.json
9 verbose cache add [ 'node_modules', null ]
10 silly cache add name=undefined spec="node_modules" args=["node_modules",null]
11 verbose parsed url { pathname: 'node_modules',
11 verbose parsed url   path: 'node_modules',
11 verbose parsed url   href: 'node_modules' }
12 silly lockFile 9193e35d-node-modules node_modules
13 verbose lock node_modules /Users/ahurt/.npm/9193e35d-node-modules.lock
14 verbose read json node_modules/package.json
15 silly lockFile 9193e35d-node-modules node_modules
16 verbose addNamed [ 'node_modules', '' ]
17 verbose addNamed [ null, '' ]
18 silly lockFile 1f43ecc2-node-modules node_modules@
19 verbose lock node_modules@ /Users/ahurt/.npm/1f43ecc2-node-modules.lock
20 silly addNameRange { name: 'node_modules', range: '', hasData: false }
21 verbose url raw node_modules
22 verbose url resolving [ 'https://registry.npmjs.org/', './node_modules' ]
23 verbose url resolved https://registry.npmjs.org/node_modules
24 info trying registry request attempt 1 at 18:56:59
25 http GET https://registry.npmjs.org/node_modules
26 http 404 https://registry.npmjs.org/node_modules
27 silly registry.get cb [ 404,
27 silly registry.get   { date: 'Sat, 21 Jun 2014 22:57:01 GMT',
27 silly registry.get     server: 'CouchDB/1.5.0 (Erlang OTP/R16B03)',
27 silly registry.get     'content-type': 'application/json',
27 silly registry.get     'cache-control': 'max-age=0',
27 silly registry.get     'content-length': '52',
27 silly registry.get     'accept-ranges': 'bytes',
27 silly registry.get     via: '1.1 varnish',
27 silly registry.get     age: '0',
27 silly registry.get     'x-served-by': 'cache-v43-ASH',
27 silly registry.get     'x-cache': 'MISS',
27 silly registry.get     'x-cache-hits': '0',
27 silly registry.get     'x-timer': 'S1403391421.389083,VS0,VE90',
27 silly registry.get     'keep-alive': 'timeout=10, max=50',
27 silly registry.get     connection: 'Keep-Alive' } ]
28 silly lockFile 1f43ecc2-node-modules node_modules@
29 error 404 'node_modules' is not in the npm registry.
29 error 404 You should bug the author to publish it
29 error 404
29 error 404 Note that you can also install from a
29 error 404 tarball, folder, or http url, or git url.
30 error System Darwin 13.2.0
31 error command "node" "/usr/local/bin/npm" "install" "node_modules"
32 error cwd /Users/ahurt/src/map-disputes
33 error node -v v0.8.4
34 error npm -v 1.1.68
35 error code E404
36 verbose exit [ 1, true ]
